2010-9-16 21:29:34
Neusoft.FrameWork.Server.DBOracle:执行语句产生错误!无效操作。连接被关闭。:Select sysdate from dual
2010-9-16 21:45:14
Neusoft.FrameWork.Server.DBOracle:执行语句产生错误!无效操作。连接被关闭。:Select sysdate from dual
2010-9-16 21:45:16
Neusoft.FrameWork.Server.DBOracle:执行语句产生错误!无效操作。连接被关闭。:Select sysdate from dual
2010-9-16 21:45:25
Neusoft.FrameWork.Server.DBOracle:执行语句产生错误!无效操作。连接被关闭。:Select sysdate from dual
2010-9-16 21:45:25
Neusoft.FrameWork.Server.DBOracle:执行语句产生错误!无效操作。连接被关闭。:Select sysdate from dual
2010-9-16 21:45:28
Neusoft.FrameWork.Server.DBOracle:执行语句产生错误!无效操作。连接被关闭。:Select sysdate from dual
2010-9-16 21:45:28
Neusoft.FrameWork.Server.DBOracle:执行语句产生错误!无效操作。连接被关闭。:Select sysdate from dual
2010-9-16 21:45:32
Neusoft.FrameWork.Server.DBOracle:执行语句产生错误!无效操作。连接被关闭。:Select sysdate from dual
2010-9-16 21:45:34
Neusoft.FrameWork.Server.DBOracle:执行语句产生错误!无效操作。连接被关闭。:Select sysdate from dual
2010-9-16 21:45:34
Neusoft.FrameWork.Server.DBOracle:执行语句产生错误!无效操作。连接被关闭。:Select sysdate from dual
2010-9-16 21:45:38
Neusoft.FrameWork.Server.DBOracle:执行语句产生错误!无效操作。连接被关闭。:Select sysdate from dual
2010-9-16 21:45:47
Neusoft.FrameWork.Server.DBOracle:执行语句产生错误!无效操作。连接被关闭。:Select sysdate from dual
2010-9-16 21:46:04
Neusoft.FrameWork.Server.DBOracle:执行语句产生错误!无效操作。连接被关闭。:Select sysdate from dual
2010-9-16 21:46:04
Neusoft.FrameWork.Server.DBOracle:执行语句产生错误!无效操作。连接被关闭。:Select sysdate from dual
2010-9-16 21:46:50
Neusoft.FrameWork.Server.DBOracle:执行语句产生错误!无效操作。连接被关闭。:Select sysdate from dual
2010-9-16 21:46:50
Neusoft.FrameWork.Server.DBOracle:执行语句产生错误!无效操作。连接被关闭。:Select sysdate from dual
2010-9-16 21:46:55
Neusoft.FrameWork.Server.DBOracle:执行语句产生错误!无效操作。连接被关闭。:Select sysdate from dual
2010-9-16 21:46:55
Neusoft.FrameWork.Server.DBOracle:执行语句产生错误!无效操作。连接被关闭。:Select sysdate from dual
2010-9-16 22:01:44
Neusoft.FrameWork.Server.DBOracle:执行语句产生错误!无效操作。连接被关闭。:Select sysdate from dual
2010-9-16 22:01:45
Neusoft.FrameWork.Server.DBOracle:执行语句产生错误!无效操作。连接被关闭。:Select sysdate from dual
2010-9-28 20:13:54
Neusoft.FrameWork.Server.DBOracle:执行语句产生错误!无效操作。连接被关闭。:Select sysdate from dual
2010-9-28 20:13:57
Neusoft.FrameWork.Server.DBOracle:执行语句产生错误!无效操作。连接被关闭。:Select sysdate from dual
2010-9-28 20:14:06
Neusoft.FrameWork.Server.DBOracle:执行语句产生错误!无效操作。连接被关闭。:Select sysdate from dual
2010-9-28 20:14:07
Neusoft.FrameWork.Server.DBOracle:执行语句产生错误!无效操作。连接被关闭。:Select sysdate from dual
2010-9-28 20:14:08
Neusoft.FrameWork.Server.DBOracle:执行语句产生错误!无效操作。连接被关闭。:Select sysdate from dual
2010-9-28 20:14:08
Neusoft.FrameWork.Server.DBOracle:执行语句产生错误!无效操作。连接被关闭。:Select sysdate from dual
2010-9-28 20:14:09
Neusoft.FrameWork.Server.DBOracle:执行语句产生错误!无效操作。连接被关闭。:Select sysdate from dual
2010-9-28 20:14:09
Neusoft.FrameWork.Server.DBOracle:执行语句产生错误!无效操作。连接被关闭。:Select sysdate from dual
2010-9-28 20:14:09
Neusoft.FrameWork.Server.DBOracle:执行语句产生错误!无效操作。连接被关闭。:Select sysdate from dual
2010-9-28 20:14:10
Neusoft.FrameWork.Server.DBOracle:执行语句产生错误!无效操作。连接被关闭。:Select sysdate from dual
2010-9-28 20:14:11
Neusoft.FrameWork.Server.DBOracle:执行语句产生错误!无效操作。连接被关闭。:Select sysdate from dual
2010-9-28 20:15:03
Neusoft.FrameWork.Server.DBOracle:执行语句产生错误!无效操作。连接被关闭。:Select sysdate from dual
2010-9-28 20:15:03
Neusoft.FrameWork.Server.DBOracle:执行语句产生错误!无效操作。连接被关闭。:Select sysdate from dual
2010-9-28 20:15:46
Neusoft.FrameWork.Server.DBOracle:执行语句产生错误!无效操作。连接被关闭。:Select sysdate from dual
2010-9-28 20:15:46
Neusoft.FrameWork.Server.DBOracle:执行语句产生错误!无效操作。连接被关闭。:Select sysdate from dual
2010-9-28 20:16:48
Neusoft.FrameWork.Server.DBOracle:执行语句产生错误!无效操作。连接被关闭。:Select sysdate from dual
2010-9-28 20:16:49
Neusoft.FrameWork.Server.DBOracle:执行语句产生错误!无效操作。连接被关闭。:Select sysdate from dual
2010-9-28 20:16:57
Neusoft.FrameWork.Server.DBOracle:执行语句产生错误!无效操作。连接被关闭。:Select sysdate from dual
2010-9-28 20:16:57
Neusoft.FrameWork.Server.DBOracle:执行语句产生错误!无效操作。连接被关闭。:Select sysdate from dual
2010-9-28 20:17:06
Neusoft.FrameWork.Server.DBOracle:执行语句产生错误!无效操作。连接被关闭。:Select sysdate from dual
2010-9-28 20:17:40
Neusoft.FrameWork.Server.DBOracle:执行语句产生错误!无效操作。连接被关闭。:Select sysdate from dual
2010-9-28 20:17:40
Neusoft.FrameWork.Server.DBOracle:执行语句产生错误!无效操作。连接被关闭。:Select sysdate from dual
2010-11-6 15:01:07
Neusoft.FrameWork.Server.DBOracle:执行语句产生错误!无效操作。连接被关闭。:Select sysdate from dual
2010-11-6 15:01:10
Neusoft.FrameWork.Server.DBOracle:执行语句产生错误!无效操作。连接被关闭。:Select sysdate from dual
2010-11-6 15:01:10
Neusoft.FrameWork.Server.DBOracle:执行语句产生错误!ConnectionString 属性尚未初始化。:select t.TABLE_NAME ,t.PROFILE_NAME,t.IS_IN_USE from COM_INTERFACE_SETTING t where  t.is_in_use = fun_get_valid()
2010-11-6 15:01:10
Neusoft.FrameWork.Server.DBOracle:执行语句产生错误!ConnectionString 属性尚未初始化。:select * from  COM_MAINTENANCE_REPORT_PRINT  where CONTAINERCONTROL='Neusoft.HISFC.Components.Common.Controls.tvPatientList' and INTERFACE='Neusoft.HISFC.BizProcess.Interface.ClinicPath.IClinicPath' order by CONTAINERCONTROL,PRINTERCONTROL,PRINTERINDEX 
2011-1-12 17:33:31
Neusoft.FrameWork.Server.DBOracle:执行语句产生错误!无效操作。连接被关闭。:Select sysdate from dual
2011-1-12 17:33:35
Neusoft.FrameWork.Server.DBOracle:执行语句产生错误!无效操作。连接被关闭。:Select sysdate from dual
2011-1-12 17:33:35
Neusoft.FrameWork.Server.DBOracle:执行语句产生错误!ConnectionString 属性尚未初始化。:select t.TABLE_NAME ,t.PROFILE_NAME,t.IS_IN_USE from COM_INTERFACE_SETTING t where  t.is_in_use = fun_get_valid()
2011-1-12 17:33:35
Neusoft.FrameWork.Server.DBOracle:执行语句产生错误!ConnectionString 属性尚未初始化。:select * from  COM_MAINTENANCE_REPORT_PRINT  where CONTAINERCONTROL='Neusoft.HISFC.Components.Common.Controls.tvPatientList' and INTERFACE='Neusoft.HISFC.BizProcess.Interface.ClinicPath.IClinicPath'   order by CONTAINERCONTROL,PRINTERCONTROL,PRINTERINDEX 
2011-1-12 17:33:56
Neusoft.FrameWork.Server.DBOracle:执行语句产生错误!无效操作。连接被关闭。:Select sysdate from dual
2011-1-12 17:34:00
Neusoft.FrameWork.Server.DBOracle:执行语句产生错误!无效操作。连接被关闭。:Select sysdate from dual
2011-1-12 17:34:00
Neusoft.FrameWork.Server.DBOracle:执行语句产生错误!ConnectionString 属性尚未初始化。:select * from  COM_MAINTENANCE_REPORT_PRINT  where CONTAINERCONTROL='Neusoft.HISFC.Components.Common.Controls.tvPatientList' and INTERFACE='Neusoft.HISFC.BizProcess.Interface.ClinicPath.IClinicPath'   order by CONTAINERCONTROL,PRINTERCONTROL,PRINTERINDEX 
2011-2-14 13:56:46
Neusoft.FrameWork.Server.DBOracle:执行语句产生错误!无效操作。连接被关闭。:Select sysdate from dual
2011-2-14 13:56:55
Neusoft.FrameWork.Server.DBOracle:执行语句产生错误!无效操作。连接被关闭。:Select sysdate from dual
2011-2-14 13:56:55
Neusoft.FrameWork.Server.DBOracle:执行语句产生错误!ConnectionString 属性尚未初始化。:select t.TABLE_NAME ,t.PROFILE_NAME,t.IS_IN_USE from COM_INTERFACE_SETTING t where  t.is_in_use = fun_get_valid()
2011-2-14 13:56:55
Neusoft.FrameWork.Server.DBOracle:执行语句产生错误!ConnectionString 属性尚未初始化。:select * from  COM_MAINTENANCE_REPORT_PRINT  where CONTAINERCONTROL='Neusoft.HISFC.Components.Common.Controls.tvPatientList' and INTERFACE='Neusoft.HISFC.BizProcess.Interface.ClinicPath.IClinicPath'   order by CONTAINERCONTROL,PRINTERCONTROL,PRINTERINDEX 
2011-2-14 14:00:13
Neusoft.FrameWork.Server.DBOracle:执行语句产生错误!无效操作。连接被关闭。:Select sysdate from dual
2011-2-14 14:00:19
Neusoft.FrameWork.Server.DBOracle:执行语句产生错误!无效操作。连接被关闭。:Select sysdate from dual
2011-2-14 14:00:19
Neusoft.FrameWork.Server.DBOracle:执行语句产生错误!ConnectionString 属性尚未初始化。:select t.TABLE_NAME ,t.PROFILE_NAME,t.IS_IN_USE from COM_INTERFACE_SETTING t where  t.is_in_use = fun_get_valid()
2011-2-14 14:00:19
Neusoft.FrameWork.Server.DBOracle:执行语句产生错误!ConnectionString 属性尚未初始化。:select * from  COM_MAINTENANCE_REPORT_PRINT  where CONTAINERCONTROL='Neusoft.HISFC.Components.Common.Controls.tvPatientList' and INTERFACE='Neusoft.HISFC.BizProcess.Interface.ClinicPath.IClinicPath'   order by CONTAINERCONTROL,PRINTERCONTROL,PRINTERINDEX 
2011-2-14 14:02:37
Neusoft.FrameWork.Server.DBOracle:执行语句产生错误!无效操作。连接被关闭。:Select sysdate from dual
2011-2-14 14:02:37
Neusoft.FrameWork.Server.DBOracle:执行语句产生错误!无效操作。连接被关闭。:Select sysdate from dual
2011-2-14 14:02:37
Neusoft.FrameWork.Server.DBOracle:执行语句产生错误!ConnectionString 属性尚未初始化。:select * from  COM_MAINTENANCE_REPORT_PRINT  where CONTAINERCONTROL='Neusoft.HISFC.Components.Common.Controls.tvPatientList' and INTERFACE='Neusoft.HISFC.BizProcess.Interface.ClinicPath.IClinicPath'   order by CONTAINERCONTROL,PRINTERCONTROL,PRINTERINDEX 
2011-2-14 14:12:27
Neusoft.FrameWork.Server.DBOracle:执行语句产生错误!无效操作。连接被关闭。:Select sysdate from dual
2011-2-14 14:12:27
Neusoft.FrameWork.Server.DBOracle:执行语句产生错误!ConnectionString 属性尚未初始化。:select * from  COM_MAINTENANCE_REPORT_PRINT  where CONTAINERCONTROL='Neusoft.HISFC.Components.Common.Controls.tvPatientList' and INTERFACE='Neusoft.HISFC.BizProcess.Interface.ClinicPath.IClinicPath'   order by CONTAINERCONTROL,PRINTERCONTROL,PRINTERINDEX 
2011-2-14 14:12:54
Neusoft.FrameWork.Server.DBOracle:执行语句产生错误!无效操作。连接被关闭。:Select sysdate from dual
